------------------------------------------------------------
/home/monika/django_project/new_project/bin/pip run on Tue Jan 19 15:24:16 2016
Downloading/unpacking django

  Getting page http://pypi.python.org/simple/django
  Could not fetch URL http://pypi.python.org/simple/django: timed out
  Will skip URL http://pypi.python.org/simple/django when looking for download links for django
  Getting page http://pypi.python.org/simple/
  Could not fetch URL http://pypi.python.org/simple/: timed out
  Will skip URL http://pypi.python.org/simple/ when looking for download links for django
  Cannot fetch index base URL http://pypi.python.org/simple/

  URLs to search for versions for django:
  * http://pypi.python.org/simple/django/
  Getting page http://pypi.python.org/simple/django/
  Could not fetch URL http://pypi.python.org/simple/django/: timed out
  Will skip URL http://pypi.python.org/simple/django/ when looking for download links for django
  Could not find any downloads that satisfy the requirement django

No distributions at all found for django

Exception information:
Traceback (most recent call last):
  File "/home/monika/django_project/new_project/local/lib/python2.7/site-packages/pip-1.2.1-py2.7.egg/pip/basecommand.py", line 107, in main
    status = self.run(options, args)
  File "/home/monika/django_project/new_project/local/lib/python2.7/site-packages/pip-1.2.1-py2.7.egg/pip/commands/install.py", line 256, in run
    requirement_set.prepare_files(finder, force_root_egg_info=self.bundle, bundle=self.bundle)
  File "/home/monika/django_project/new_project/local/lib/python2.7/site-packages/pip-1.2.1-py2.7.egg/pip/req.py", line 1011, in prepare_files
    url = finder.find_requirement(req_to_install, upgrade=self.upgrade)
  File "/home/monika/django_project/new_project/local/lib/python2.7/site-packages/pip-1.2.1-py2.7.egg/pip/index.py", line 157, in find_requirement
    raise DistributionNotFound('No distributions at all found for %s' % req)
DistributionNotFound: No distributions at all found for django
